# JRE version: Java(TM) SE Runtime Environment (21.0.5+9) (build 21.0.5+9-LTS-239)
# Java VM: Java HotSpot(TM) 64-Bit Server VM (21.0.5+9-LTS-239, mixed mode, sharing, tiered, compressed oops, compressed class ptrs, g1 gc, windows-amd64)
GC Precious Log:
 CardTable entry size: 512
 Card Set container configuration: InlinePtr #cards 5 size 8 Array Of Cards #cards 12 size 40 Howl #buckets 4 coarsen threshold 1843 Howl Bitmap #cards 512 size 80 coarsen threshold 460 Card regions per heap region 1 cards per card region 2048
 CPUs: 4 total, 4 available
 Memory: 8077M
 Large Page Support: Disabled
 NUMA Support: Disabled
 Compressed Oops: Enabled (32-bit)
 Heap Region Size: 1M
 Heap Min Capacity: 8M
 Heap Initial Capacity: 128M
 Heap Max Capacity: 2020M
 Pre-touch: Disabled
 Parallel Workers: 4
 Concurrent Workers: 1
 Concurrent Refinement Workers: 4
 Periodic GC: Disabled
Heap:
 garbage-first heap   total 122880K, used 92672K [0x0000000081c00000, 0x0000000100000000)
  region size 1024K, 25 young (25600K), 2 survivors (2048K)
 Metaspace       used 35106K, committed 35648K, reserved 1114112K
  class space    used 3831K, committed 4096K, reserved 1048576K
GC Heap History (20 events):
Event: 14.010 GC heap before
{Heap before GC invocations=3 (full 0):
 garbage-first heap   total 131072K, used 80405K [0x0000000081c00000, 0x0000000100000000)
  region size 1024K, 76 young (77824K), 5 survivors (5120K)
 Metaspace       used 16780K, committed 17088K, reserved 1114112K
  class space    used 1890K, committed 2048K, reserved 1048576K
}
Event: 14.046 GC heap after
{Heap after GC invocations=4 (full 0):
 garbage-first heap   total 131072K, used 14591K [0x0000000081c00000, 0x0000000100000000)
  region size 1024K, 10 young (10240K), 10 survivors (10240K)
 Metaspace       used 16780K, committed 17088K, reserved 1114112K
  class space    used 1890K, committed 2048K, reserved 1048576K
}
Event: 21.965 GC heap before
{Heap before GC invocations=4 (full 0):
 garbage-first heap   total 131072K, used 82175K [0x0000000081c00000, 0x0000000100000000)
  region size 1024K, 76 young (77824K), 10 survivors (10240K)
 Metaspace       used 18760K, committed 19008K, reserved 1114112K
  class space    used 2049K, committed 2176K, reserved 1048576K
}
Event: 22.010 GC heap after
{Heap after GC invocations=5 (full 0):
 garbage-first heap   total 131072K, used 18140K [0x0000000081c00000, 0x0000000100000000)
  region size 1024K, 4 young (4096K), 4 survivors (4096K)
 Metaspace       used 18760K, committed 19008K, reserved 1114112K
  class space    used 2049K, committed 2176K, reserved 1048576K
}
Event: 23.862 GC heap before
{Heap before GC invocations=5 (full 0):
 garbage-first heap   total 131072K, used 43740K [0x0000000081c00000, 0x0000000100000000)
  region size 1024K, 26 young (26624K), 4 survivors (4096K)
 Metaspace       used 21173K, committed 21504K, reserved 1114112K
  class space    used 2331K, committed 2496K, reserved 1048576K
}
Event: 23.877 GC heap after
{Heap after GC invocations=6 (full 0):
 garbage-first heap   total 131072K, used 25308K [0x0000000081c00000, 0x0000000100000000)
  region size 1024K, 8 young (8192K), 8 survivors (8192K)
 Metaspace       used 21173K, committed 21504K, reserved 1114112K
  class space    used 2331K, committed 2496K, reserved 1048576K
}
Event: 27.904 GC heap before
{Heap before GC invocations=7 (full 0):
 garbage-first heap   total 89088K, used 74460K [0x0000000081c00000, 0x0000000100000000)
  region size 1024K, 52 young (53248K), 8 survivors (8192K)
 Metaspace       used 27366K, committed 27712K, reserved 1114112K
  class space    used 3031K, committed 3200K, reserved 1048576K
}
Event: 27.963 GC heap after
{Heap after GC invocations=8 (full 0):
 garbage-first heap   total 94208K, used 40668K [0x0000000081c00000, 0x0000000100000000)
  region size 1024K, 7 young (7168K), 7 survivors (7168K)
 Metaspace       used 27366K, committed 27712K, reserved 1114112K
  class space    used 3031K, committed 3200K, reserved 1048576K
}
Event: 30.498 GC heap before
{Heap before GC invocations=8 (full 0):
 garbage-first heap   total 94208K, used 76508K [0x0000000081c00000, 0x0000000100000000)
  region size 1024K, 41 young (41984K), 7 survivors (7168K)
 Metaspace       used 28852K, committed 29248K, reserved 1114112K
  class space    used 3153K, committed 3328K, reserved 1048576K
}
Event: 30.530 GC heap after
{Heap after GC invocations=9 (full 0):
 garbage-first heap   total 94208K, used 46186K [0x0000000081c00000, 0x0000000100000000)
  region size 1024K, 5 young (5120K), 5 survivors (5120K)
 Metaspace       used 28852K, committed 29248K, reserved 1114112K
  class space    used 3153K, committed 3328K, reserved 1048576K
}
Event: 31.862 GC heap before
{Heap before GC invocations=9 (full 0):
 garbage-first heap   total 94208K, used 76906K [0x0000000081c00000, 0x0000000100000000)
  region size 1024K, 36 young (36864K), 5 survivors (5120K)
 Metaspace       used 30399K, committed 30848K, reserved 1114112K
  class space    used 3357K, committed 3584K, reserved 1048576K
}
Event: 31.878 GC heap after
{Heap after GC invocations=10 (full 0):
 garbage-first heap   total 94208K, used 48114K [0x0000000081c00000, 0x0000000100000000)
  region size 1024K, 2 young (2048K), 2 survivors (2048K)
 Metaspace       used 30399K, committed 30848K, reserved 1114112K
  class space    used 3357K, committed 3584K, reserved 1048576K
}
Event: 33.653 GC heap before
{Heap before GC invocations=10 (full 0):
 garbage-first heap   total 94208K, used 79858K [0x0000000081c00000, 0x0000000100000000)
  region size 1024K, 33 young (33792K), 2 survivors (2048K)
 Metaspace       used 31023K, committed 31552K, reserved 1114112K
  class space    used 3391K, committed 3648K, reserved 1048576K
}
Event: 33.664 GC heap after
{Heap after GC invocations=11 (full 0):
 garbage-first heap   total 113664K, used 48496K [0x0000000081c00000, 0x0000000100000000)
  region size 1024K, 2 young (2048K), 2 survivors (2048K)
 Metaspace       used 31023K, committed 31552K, reserved 1114112K
  class space    used 3391K, committed 3648K, reserved 1048576K
}
Event: 41.386 GC heap before
{Heap before GC invocations=12 (full 0):
 garbage-first heap   total 113664K, used 96624K [0x0000000081c00000, 0x0000000100000000)
  region size 1024K, 48 young (49152K), 2 survivors (2048K)
 Metaspace       used 33530K, committed 34048K, reserved 1114112K
  class space    used 3664K, committed 3904K, reserved 1048576K
}
Event: 41.402 GC heap after
{Heap after GC invocations=13 (full 0):
 garbage-first heap   total 113664K, used 50358K [0x0000000081c00000, 0x0000000100000000)
  region size 1024K, 4 young (4096K), 4 survivors (4096K)
 Metaspace       used 33530K, committed 34048K, reserved 1114112K
  class space    used 3664K, committed 3904K, reserved 1048576K
}
Event: 45.352 GC heap before
{Heap before GC invocations=13 (full 0):
 garbage-first heap   total 113664K, used 101558K [0x0000000081c00000, 0x0000000100000000)
  region size 1024K, 50 young (51200K), 4 survivors (4096K)
 Metaspace       used 33624K, committed 34176K, reserved 1114112K
  class space    used 3667K, committed 3904K, reserved 1048576K
}
Event: 45.397 GC heap after
{Heap after GC invocations=14 (full 0):
 garbage-first heap   total 122880K, used 70656K [0x0000000081c00000, 0x0000000100000000)
  region size 1024K, 7 young (7168K), 7 survivors (7168K)
 Metaspace       used 33624K, committed 34176K, reserved 1114112K
  class space    used 3667K, committed 3904K, reserved 1048576K
}
Event: 47.336 GC heap before
{Heap before GC invocations=14 (full 0):
 garbage-first heap   total 122880K, used 103424K [0x0000000081c00000, 0x0000000100000000)
  region size 1024K, 40 young (40960K), 7 survivors (7168K)
 Metaspace       used 35007K, committed 35584K, reserved 1114112K
  class space    used 3823K, committed 4096K, reserved 1048576K
}
Event: 47.360 GC heap after
{Heap after GC invocations=15 (full 0):
 garbage-first heap   total 122880K, used 73216K [0x0000000081c00000, 0x0000000100000000)
  region size 1024K, 2 young (2048K), 2 survivors (2048K)
 Metaspace       used 35007K, committed 35584K, reserved 1114112K
  class space    used 3823K, committed 4096K, reserved 1048576K
}

